<?xml version="1.0" encoding="UTF-8"?>
<!-- Generated by org.testng.reporters.JUnitReportReporter -->
<testsuite hostname="DESKTOP-R9DDREB" failures="0" tests="2" name="com.test.runner.TestRunnerCucumber" time="42.149" errors="0" timestamp="1 Dec 2023 11:48:45 GMT">
  <testcase classname="com.test.runner.TestRunnerCucumber" name="runScenario" time="20.281"/>
  <testcase classname="com.test.runner.TestRunnerCucumber" name="runScenario" time="21.868"/>
</testsuite> <!-- com.test.runner.TestRunnerCucumber -->
